# JRE version: Java(TM) SE Runtime Environment (8.0_45-b15) (build 1.8.0_45-b15)
# Java VM: Java HotSpot(TM) 64-Bit Server VM (25.45-b02 mixed mode windows-amd64 compressed oops)
Heap:
 PSYoungGen      total 79360K, used 12622K [0x00000000eab00000, 0x00000000f1c00000, 0x0000000100000000)
  eden space 70144K, 17% used [0x00000000eab00000,0x00000000eb753a28,0x00000000eef80000)
  from space 9216K, 0% used [0x00000000eef80000,0x00000000eef80000,0x00000000ef880000)
  to   space 8704K, 0% used [0x00000000f1380000,0x00000000f1380000,0x00000000f1c00000)
 ParOldGen       total 41984K, used 20535K [0x00000000c0000000, 0x00000000c2900000, 0x00000000eab00000)
  object space 41984K, 48% used [0x00000000c0000000,0x00000000c140df38,0x00000000c2900000)
 Metaspace       used 35598K, capacity 36670K, committed 36992K, reserved 1081344K
  class space    used 4759K, capacity 5192K, committed 5248K, reserved 1048576K
GC Heap History (10 events):
Event: 207.042 GC heap before
{Heap before GC invocations=21 (full 1):
 PSYoungGen      total 43520K, used 37056K [0x00000000eab00000, 0x00000000eea80000, 0x0000000100000000)
  eden space 36864K, 100% used [0x00000000eab00000,0x00000000ecf00000,0x00000000ecf00000)
  from space 6656K, 2% used [0x00000000ecf00000,0x00000000ecf30000,0x00000000ed580000)
  to   space 6656K, 0% used [0x00000000ee400000,0x00000000ee400000,0x00000000eea80000)
 ParOldGen       total 29184K, used 14510K [0x00000000c0000000, 0x00000000c1c80000, 0x00000000eab00000)
  object space 29184K, 49% used [0x00000000c0000000,0x00000000c0e2ba68,0x00000000c1c80000)
 Metaspace       used 27566K, capacity 28212K, committed 28416K, reserved 1073152K
  class space    used 3609K, capacity 3831K, committed 3840K, reserved 1048576K
Event: 207.332 GC heap after
Heap after GC invocations=21 (full 1):
 PSYoungGen      total 58368K, used 160K [0x00000000eab00000, 0x00000000eea80000, 0x0000000100000000)
  eden space 51712K, 0% used [0x00000000eab00000,0x00000000eab00000,0x00000000edd80000)
  from space 6656K, 2% used [0x00000000ee400000,0x00000000ee428000,0x00000000eea80000)
  to   space 6656K, 0% used [0x00000000edd80000,0x00000000edd80000,0x00000000ee400000)
 ParOldGen       total 29184K, used 14654K [0x00000000c0000000, 0x00000000c1c80000, 0x00000000eab00000)
  object space 29184K, 50% used [0x00000000c0000000,0x00000000c0e4fa68,0x00000000c1c80000)
 Metaspace       used 27566K, capacity 28212K, committed 28416K, reserved 1073152K
  class space    used 3609K, capacity 3831K, committed 3840K, reserved 1048576K
}
Event: 209.330 GC heap before
{Heap before GC invocations=22 (full 1):
 PSYoungGen      total 58368K, used 51872K [0x00000000eab00000, 0x00000000eea80000, 0x0000000100000000)
  eden space 51712K, 100% used [0x00000000eab00000,0x00000000edd80000,0x00000000edd80000)
  from space 6656K, 2% used [0x00000000ee400000,0x00000000ee428000,0x00000000eea80000)
  to   space 6656K, 0% used [0x00000000edd80000,0x00000000edd80000,0x00000000ee400000)
 ParOldGen       total 29184K, used 14654K [0x00000000c0000000, 0x00000000c1c80000, 0x00000000eab00000)
  object space 29184K, 50% used [0x00000000c0000000,0x00000000c0e4fa68,0x00000000c1c80000)
 Metaspace       used 29651K, capacity 30460K, committed 30592K, reserved 1075200K
  class space    used 3815K, capacity 4105K, committed 4224K, reserved 1048576K
Event: 209.342 GC heap after
Heap after GC invocations=22 (full 1):
 PSYoungGen      total 58368K, used 3508K [0x00000000eab00000, 0x00000000eff00000, 0x0000000100000000)
  eden space 51712K, 0% used [0x00000000eab00000,0x00000000eab00000,0x00000000edd80000)
  from space 6656K, 52% used [0x00000000edd80000,0x00000000ee0ed118,0x00000000ee400000)
  to   space 6656K, 0% used [0x00000000ef880000,0x00000000ef880000,0x00000000eff00000)
 ParOldGen       total 29184K, used 14818K [0x00000000c0000000, 0x00000000c1c80000, 0x00000000eab00000)
  object space 29184K, 50% used [0x00000000c0000000,0x00000000c0e78a78,0x00000000c1c80000)
 Metaspace       used 29651K, capacity 30460K, committed 30592K, reserved 1075200K
  class space    used 3815K, capacity 4105K, committed 4224K, reserved 1048576K
}
Event: 211.712 GC heap before
{Heap before GC invocations=23 (full 1):
 PSYoungGen      total 58368K, used 55220K [0x00000000eab00000, 0x00000000eff00000, 0x0000000100000000)
  eden space 51712K, 100% used [0x00000000eab00000,0x00000000edd80000,0x00000000edd80000)
  from space 6656K, 52% used [0x00000000edd80000,0x00000000ee0ed118,0x00000000ee400000)
  to   space 6656K, 0% used [0x00000000ef880000,0x00000000ef880000,0x00000000eff00000)
 ParOldGen       total 29184K, used 14818K [0x00000000c0000000, 0x00000000c1c80000, 0x00000000eab00000)
  object space 29184K, 50% used [0x00000000c0000000,0x00000000c0e78a78,0x00000000c1c80000)
 Metaspace       used 33244K, capacity 34146K, committed 34304K, reserved 1079296K
  class space    used 4384K, capacity 4738K, committed 4864K, reserved 1048576K
Event: 211.770 GC heap after
Heap after GC invocations=23 (full 1):
 PSYoungGen      total 76800K, used 6630K [0x00000000eab00000, 0x00000000f0400000, 0x0000000100000000)
  eden space 70144K, 0% used [0x00000000eab00000,0x00000000eab00000,0x00000000eef80000)
  from space 6656K, 99% used [0x00000000ef880000,0x00000000efef98d8,0x00000000eff00000)
  to   space 9216K, 0% used [0x00000000eef80000,0x00000000eef80000,0x00000000ef880000)
 ParOldGen       total 29184K, used 17705K [0x00000000c0000000, 0x00000000c1c80000, 0x00000000eab00000)
  object space 29184K, 60% used [0x00000000c0000000,0x00000000c114a750,0x00000000c1c80000)
 Metaspace       used 33244K, capacity 34146K, committed 34304K, reserved 1079296K
  class space    used 4384K, capacity 4738K, committed 4864K, reserved 1048576K
}
Event: 211.957 GC heap before
{Heap before GC invocations=24 (full 1):
 PSYoungGen      total 76800K, used 17850K [0x00000000eab00000, 0x00000000f0400000, 0x0000000100000000)
  eden space 70144K, 15% used [0x00000000eab00000,0x00000000eb5f5070,0x00000000eef80000)
  from space 6656K, 99% used [0x00000000ef880000,0x00000000efef98d8,0x00000000eff00000)
  to   space 9216K, 0% used [0x00000000eef80000,0x00000000eef80000,0x00000000ef880000)
 ParOldGen       total 29184K, used 17705K [0x00000000c0000000, 0x00000000c1c80000, 0x00000000eab00000)
  object space 29184K, 60% used [0x00000000c0000000,0x00000000c114a750,0x00000000c1c80000)
 Metaspace       used 34445K, capacity 35416K, committed 35456K, reserved 1079296K
  class space    used 4583K, capacity 4988K, committed 4992K, reserved 1048576K
Event: 212.009 GC heap after
Heap after GC invocations=24 (full 1):
 PSYoungGen      total 79360K, used 1862K [0x00000000eab00000, 0x00000000f1c00000, 0x0000000100000000)
  eden space 70144K, 0% used [0x00000000eab00000,0x00000000eab00000,0x00000000eef80000)
  from space 9216K, 20% used [0x00000000eef80000,0x00000000ef151b30,0x00000000ef880000)
  to   space 8704K, 0% used [0x00000000f1380000,0x00000000f1380000,0x00000000f1c00000)
 ParOldGen       total 29184K, used 22645K [0x00000000c0000000, 0x00000000c1c80000, 0x00000000eab00000)
  object space 29184K, 77% used [0x00000000c0000000,0x00000000c161d770,0x00000000c1c80000)
 Metaspace       used 34445K, capacity 35416K, committed 35456K, reserved 1079296K
  class space    used 4583K, capacity 4988K, committed 4992K, reserved 1048576K
}
Event: 212.009 GC heap before
{Heap before GC invocations=25 (full 2):
 PSYoungGen      total 79360K, used 1862K [0x00000000eab00000, 0x00000000f1c00000, 0x0000000100000000)
  eden space 70144K, 0% used [0x00000000eab00000,0x00000000eab00000,0x00000000eef80000)
  from space 9216K, 20% used [0x00000000eef80000,0x00000000ef151b30,0x00000000ef880000)
  to   space 8704K, 0% used [0x00000000f1380000,0x00000000f1380000,0x00000000f1c00000)
 ParOldGen       total 29184K, used 22645K [0x00000000c0000000, 0x00000000c1c80000, 0x00000000eab00000)
  object space 29184K, 77% used [0x00000000c0000000,0x00000000c161d770,0x00000000c1c80000)
 Metaspace       used 34445K, capacity 35416K, committed 35456K, reserved 1079296K
  class space    used 4583K, capacity 4988K, committed 4992K, reserved 1048576K
Event: 212.141 GC heap after
Heap after GC invocations=25 (full 2):
 PSYoungGen      total 79360K, used 0K [0x00000000eab00000, 0x00000000f1c00000, 0x0000000100000000)
  eden space 70144K, 0% used [0x00000000eab00000,0x00000000eab00000,0x00000000eef80000)
  from space 9216K, 0% used [0x00000000eef80000,0x00000000eef80000,0x00000000ef880000)
  to   space 8704K, 0% used [0x00000000f1380000,0x00000000f1380000,0x00000000f1c00000)
 ParOldGen       total 41984K, used 20535K [0x00000000c0000000, 0x00000000c2900000, 0x00000000eab00000)
  object space 41984K, 48% used [0x00000000c0000000,0x00000000c140df38,0x00000000c2900000)
 Metaspace       used 34445K, capacity 35416K, committed 35456K, reserved 1079296K
  class space    used 4583K, capacity 4988K, committed 4992K, reserved 1048576K
}

