# JRE version: Java(TM) SE Runtime Environment (8.0_45-b15) (build 1.8.0_45-b15)
# Java VM: Java HotSpot(TM) 64-Bit Server VM (25.45-b02 mixed mode windows-amd64 compressed oops)
Heap:
 PSYoungGen      total 106496K, used 89820K [0x00000000eab00000, 0x00000000f3600000, 0x0000000100000000)
  eden space 103936K, 84% used [0x00000000eab00000,0x00000000f0074a58,0x00000000f1080000)
  from space 2560K, 90% used [0x00000000f3380000,0x00000000f35c2668,0x00000000f3600000)
  to   space 8704K, 0% used [0x00000000f2500000,0x00000000f2500000,0x00000000f2d80000)
 ParOldGen       total 39936K, used 10672K [0x00000000c0000000, 0x00000000c2700000, 0x00000000eab00000)
  object space 39936K, 26% used [0x00000000c0000000,0x00000000c0a6c270,0x00000000c2700000)
 Metaspace       used 22453K, capacity 22958K, committed 23168K, reserved 1069056K
  class space    used 2935K, capacity 3116K, committed 3200K, reserved 1048576K
GC Heap History (10 events):
Event: 3.032 GC heap before
{Heap before GC invocations=3 (full 0):
 PSYoungGen      total 35328K, used 35187K [0x00000000eab00000, 0x00000000ed000000, 0x0000000100000000)
  eden space 32768K, 99% used [0x00000000eab00000,0x00000000ecadeea8,0x00000000ecb00000)
  from space 2560K, 99% used [0x00000000ecd80000,0x00000000ecffe010,0x00000000ed000000)
  to   space 2560K, 0% used [0x00000000ecb00000,0x00000000ecb00000,0x00000000ecd80000)
 ParOldGen       total 44032K, used 1740K [0x00000000c0000000, 0x00000000c2b00000, 0x00000000eab00000)
  object space 44032K, 3% used [0x00000000c0000000,0x00000000c01b3070,0x00000000c2b00000)
 Metaspace       used 13264K, capacity 13660K, committed 13696K, reserved 1060864K
  class space    used 1805K, capacity 1910K, committed 1920K, reserved 1048576K
Event: 3.042 GC heap after
Heap after GC invocations=3 (full 0):
 PSYoungGen      total 35328K, used 2551K [0x00000000eab00000, 0x00000000ef000000, 0x0000000100000000)
  eden space 32768K, 0% used [0x00000000eab00000,0x00000000eab00000,0x00000000ecb00000)
  from space 2560K, 99% used [0x00000000ecb00000,0x00000000ecd7dc40,0x00000000ecd80000)
  to   space 2560K, 0% used [0x00000000eed80000,0x00000000eed80000,0x00000000ef000000)
 ParOldGen       total 44032K, used 6799K [0x00000000c0000000, 0x00000000c2b00000, 0x00000000eab00000)
  object space 44032K, 15% used [0x00000000c0000000,0x00000000c06a3ef0,0x00000000c2b00000)
 Metaspace       used 13264K, capacity 13660K, committed 13696K, reserved 1060864K
  class space    used 1805K, capacity 1910K, committed 1920K, reserved 1048576K
}
Event: 4.214 GC heap before
{Heap before GC invocations=4 (full 0):
 PSYoungGen      total 35328K, used 35319K [0x00000000eab00000, 0x00000000ef000000, 0x0000000100000000)
  eden space 32768K, 100% used [0x00000000eab00000,0x00000000ecb00000,0x00000000ecb00000)
  from space 2560K, 99% used [0x00000000ecb00000,0x00000000ecd7dc40,0x00000000ecd80000)
  to   space 2560K, 0% used [0x00000000eed80000,0x00000000eed80000,0x00000000ef000000)
 ParOldGen       total 44032K, used 6799K [0x00000000c0000000, 0x00000000c2b00000, 0x00000000eab00000)
  object space 44032K, 15% used [0x00000000c0000000,0x00000000c06a3ef0,0x00000000c2b00000)
 Metaspace       used 18606K, capacity 19044K, committed 19200K, reserved 1064960K
  class space    used 2551K, capacity 2694K, committed 2816K, reserved 1048576K
Event: 4.221 GC heap after
Heap after GC invocations=4 (full 0):
 PSYoungGen      total 68096K, used 2552K [0x00000000eab00000, 0x00000000ef000000, 0x0000000100000000)
  eden space 65536K, 0% used [0x00000000eab00000,0x00000000eab00000,0x00000000eeb00000)
  from space 2560K, 99% used [0x00000000eed80000,0x00000000eeffe050,0x00000000ef000000)
  to   space 2560K, 0% used [0x00000000eeb00000,0x00000000eeb00000,0x00000000eed80000)
 ParOldGen       total 44032K, used 11347K [0x00000000c0000000, 0x00000000c2b00000, 0x00000000eab00000)
  object space 44032K, 25% used [0x00000000c0000000,0x00000000c0b14c78,0x00000000c2b00000)
 Metaspace       used 18606K, capacity 19044K, committed 19200K, reserved 1064960K
  class space    used 2551K, capacity 2694K, committed 2816K, reserved 1048576K
}
Event: 4.510 GC heap before
{Heap before GC invocations=5 (full 0):
 PSYoungGen      total 68096K, used 21625K [0x00000000eab00000, 0x00000000ef000000, 0x0000000100000000)
  eden space 65536K, 29% used [0x00000000eab00000,0x00000000ebda0718,0x00000000eeb00000)
  from space 2560K, 99% used [0x00000000eed80000,0x00000000eeffe050,0x00000000ef000000)
  to   space 2560K, 0% used [0x00000000eeb00000,0x00000000eeb00000,0x00000000eed80000)
 ParOldGen       total 44032K, used 11347K [0x00000000c0000000, 0x00000000c2b00000, 0x00000000eab00000)
  object space 44032K, 25% used [0x00000000c0000000,0x00000000c0b14c78,0x00000000c2b00000)
 Metaspace       used 20567K, capacity 21064K, committed 21248K, reserved 1067008K
  class space    used 2763K, capacity 2955K, committed 3072K, reserved 1048576K
Event: 4.517 GC heap after
Heap after GC invocations=5 (full 0):
 PSYoungGen      total 68096K, used 2536K [0x00000000eab00000, 0x00000000f3c00000, 0x0000000100000000)
  eden space 65536K, 0% used [0x00000000eab00000,0x00000000eab00000,0x00000000eeb00000)
  from space 2560K, 99% used [0x00000000eeb00000,0x00000000eed7a040,0x00000000eed80000)
  to   space 8704K, 0% used [0x00000000f3380000,0x00000000f3380000,0x00000000f3c00000)
 ParOldGen       total 44032K, used 13401K [0x00000000c0000000, 0x00000000c2b00000, 0x00000000eab00000)
  object space 44032K, 30% used [0x00000000c0000000,0x00000000c0d164d0,0x00000000c2b00000)
 Metaspace       used 20567K, capacity 21064K, committed 21248K, reserved 1067008K
  class space    used 2763K, capacity 2955K, committed 3072K, reserved 1048576K
}
Event: 4.517 GC heap before
{Heap before GC invocations=6 (full 1):
 PSYoungGen      total 68096K, used 2536K [0x00000000eab00000, 0x00000000f3c00000, 0x0000000100000000)
  eden space 65536K, 0% used [0x00000000eab00000,0x00000000eab00000,0x00000000eeb00000)
  from space 2560K, 99% used [0x00000000eeb00000,0x00000000eed7a040,0x00000000eed80000)
  to   space 8704K, 0% used [0x00000000f3380000,0x00000000f3380000,0x00000000f3c00000)
 ParOldGen       total 44032K, used 13401K [0x00000000c0000000, 0x00000000c2b00000, 0x00000000eab00000)
  object space 44032K, 30% used [0x00000000c0000000,0x00000000c0d164d0,0x00000000c2b00000)
 Metaspace       used 20567K, capacity 21064K, committed 21248K, reserved 1067008K
  class space    used 2763K, capacity 2955K, committed 3072K, reserved 1048576K
Event: 4.566 GC heap after
Heap after GC invocations=6 (full 1):
 PSYoungGen      total 68096K, used 0K [0x00000000eab00000, 0x00000000f3c00000, 0x0000000100000000)
  eden space 65536K, 0% used [0x00000000eab00000,0x00000000eab00000,0x00000000eeb00000)
  from space 2560K, 0% used [0x00000000eeb00000,0x00000000eeb00000,0x00000000eed80000)
  to   space 8704K, 0% used [0x00000000f3380000,0x00000000f3380000,0x00000000f3c00000)
 ParOldGen       total 39936K, used 10664K [0x00000000c0000000, 0x00000000c2700000, 0x00000000eab00000)
  object space 39936K, 26% used [0x00000000c0000000,0x00000000c0a6a270,0x00000000c2700000)
 Metaspace       used 20567K, capacity 21064K, committed 21248K, reserved 1067008K
  class space    used 2763K, capacity 2955K, committed 3072K, reserved 1048576K
}
Event: 5.061 GC heap before
{Heap before GC invocations=7 (full 1):
 PSYoungGen      total 68096K, used 65536K [0x00000000eab00000, 0x00000000f3c00000, 0x0000000100000000)
  eden space 65536K, 100% used [0x00000000eab00000,0x00000000eeb00000,0x00000000eeb00000)
  from space 2560K, 0% used [0x00000000eeb00000,0x00000000eeb00000,0x00000000eed80000)
  to   space 8704K, 0% used [0x00000000f3380000,0x00000000f3380000,0x00000000f3c00000)
 ParOldGen       total 39936K, used 10664K [0x00000000c0000000, 0x00000000c2700000, 0x00000000eab00000)
  object space 39936K, 26% used [0x00000000c0000000,0x00000000c0a6a270,0x00000000c2700000)
 Metaspace       used 22420K, capacity 22958K, committed 23168K, reserved 1069056K
  class space    used 2934K, capacity 3116K, committed 3200K, reserved 1048576K
Event: 5.065 GC heap after
Heap after GC invocations=7 (full 1):
 PSYoungGen      total 106496K, used 2313K [0x00000000eab00000, 0x00000000f3600000, 0x0000000100000000)
  eden space 103936K, 0% used [0x00000000eab00000,0x00000000eab00000,0x00000000f1080000)
  from space 2560K, 90% used [0x00000000f3380000,0x00000000f35c2668,0x00000000f3600000)
  to   space 8704K, 0% used [0x00000000f2500000,0x00000000f2500000,0x00000000f2d80000)
 ParOldGen       total 39936K, used 10672K [0x00000000c0000000, 0x00000000c2700000, 0x00000000eab00000)
  object space 39936K, 26% used [0x00000000c0000000,0x00000000c0a6c270,0x00000000c2700000)
 Metaspace       used 22420K, capacity 22958K, committed 23168K, reserved 1069056K
  class space    used 2934K, capacity 3116K, committed 3200K, reserved 1048576K
}

