# JRE version: Java(TM) SE Runtime Environment (8.0_45-b15) (build 1.8.0_45-b15)
# Java VM: Java HotSpot(TM) 64-Bit Server VM (25.45-b02 mixed mode windows-amd64 compressed oops)
Heap:
 PSYoungGen      total 73216K, used 13861K [0x00000000eab00000, 0x00000000f1680000, 0x0000000100000000)
  eden space 65024K, 10% used [0x00000000eab00000,0x00000000eb1ec078,0x00000000eea80000)
  from space 8192K, 82% used [0x00000000eea80000,0x00000000ef11d778,0x00000000ef280000)
  to   space 8704K, 0% used [0x00000000f0e00000,0x00000000f0e00000,0x00000000f1680000)
 ParOldGen       total 39424K, used 8855K [0x00000000c0000000, 0x00000000c2680000, 0x00000000eab00000)
  object space 39424K, 22% used [0x00000000c0000000,0x00000000c08a5e90,0x00000000c2680000)
 Metaspace       used 25523K, capacity 26140K, committed 26240K, reserved 1071104K
  class space    used 3409K, capacity 3636K, committed 3712K, reserved 1048576K
GC Heap History (10 events):
Event: 2.033 GC heap before
{Heap before GC invocations=4 (full 0):
 PSYoungGen      total 18944K, used 18920K [0x00000000eab00000, 0x00000000ed000000, 0x0000000100000000)
  eden space 16384K, 100% used [0x00000000eab00000,0x00000000ebb00000,0x00000000ebb00000)
  from space 2560K, 99% used [0x00000000ebb00000,0x00000000ebd7a020,0x00000000ebd80000)
  to   space 2560K, 0% used [0x00000000ecd80000,0x00000000ecd80000,0x00000000ed000000)
 ParOldGen       total 44032K, used 3738K [0x00000000c0000000, 0x00000000c2b00000, 0x00000000eab00000)
  object space 44032K, 8% used [0x00000000c0000000,0x00000000c03a6b30,0x00000000c2b00000)
 Metaspace       used 13660K, capacity 14046K, committed 14336K, reserved 1060864K
  class space    used 1824K, capacity 1937K, committed 2048K, reserved 1048576K
Event: 2.039 GC heap after
Heap after GC invocations=4 (full 0):
 PSYoungGen      total 35328K, used 2552K [0x00000000eab00000, 0x00000000ed000000, 0x0000000100000000)
  eden space 32768K, 0% used [0x00000000eab00000,0x00000000eab00000,0x00000000ecb00000)
  from space 2560K, 99% used [0x00000000ecd80000,0x00000000ecffe010,0x00000000ed000000)
  to   space 2560K, 0% used [0x00000000ecb00000,0x00000000ecb00000,0x00000000ecd80000)
 ParOldGen       total 44032K, used 6550K [0x00000000c0000000, 0x00000000c2b00000, 0x00000000eab00000)
  object space 44032K, 14% used [0x00000000c0000000,0x00000000c0665b48,0x00000000c2b00000)
 Metaspace       used 13660K, capacity 14046K, committed 14336K, reserved 1060864K
  class space    used 1824K, capacity 1937K, committed 2048K, reserved 1048576K
}
Event: 2.629 GC heap before
{Heap before GC invocations=5 (full 0):
 PSYoungGen      total 35328K, used 35320K [0x00000000eab00000, 0x00000000ed000000, 0x0000000100000000)
  eden space 32768K, 100% used [0x00000000eab00000,0x00000000ecb00000,0x00000000ecb00000)
  from space 2560K, 99% used [0x00000000ecd80000,0x00000000ecffe010,0x00000000ed000000)
  to   space 2560K, 0% used [0x00000000ecb00000,0x00000000ecb00000,0x00000000ecd80000)
 ParOldGen       total 44032K, used 6550K [0x00000000c0000000, 0x00000000c2b00000, 0x00000000eab00000)
  object space 44032K, 14% used [0x00000000c0000000,0x00000000c0665b48,0x00000000c2b00000)
 Metaspace       used 18570K, capacity 18876K, committed 19072K, reserved 1064960K
  class space    used 2535K, capacity 2646K, committed 2688K, reserved 1048576K
Event: 2.639 GC heap after
Heap after GC invocations=5 (full 0):
 PSYoungGen      total 35328K, used 2536K [0x00000000eab00000, 0x00000000efa00000, 0x0000000100000000)
  eden space 32768K, 0% used [0x00000000eab00000,0x00000000eab00000,0x00000000ecb00000)
  from space 2560K, 99% used [0x00000000ecb00000,0x00000000ecd7a040,0x00000000ecd80000)
  to   space 7680K, 0% used [0x00000000ef280000,0x00000000ef280000,0x00000000efa00000)
 ParOldGen       total 44032K, used 11195K [0x00000000c0000000, 0x00000000c2b00000, 0x00000000eab00000)
  object space 44032K, 25% used [0x00000000c0000000,0x00000000c0aeef90,0x00000000c2b00000)
 Metaspace       used 18570K, capacity 18876K, committed 19072K, reserved 1064960K
  class space    used 2535K, capacity 2646K, committed 2688K, reserved 1048576K
}
Event: 3.118 GC heap before
{Heap before GC invocations=6 (full 0):
 PSYoungGen      total 35328K, used 25000K [0x00000000eab00000, 0x00000000efa00000, 0x0000000100000000)
  eden space 32768K, 68% used [0x00000000eab00000,0x00000000ec0f03b0,0x00000000ecb00000)
  from space 2560K, 99% used [0x00000000ecb00000,0x00000000ecd7a040,0x00000000ecd80000)
  to   space 7680K, 0% used [0x00000000ef280000,0x00000000ef280000,0x00000000efa00000)
 ParOldGen       total 44032K, used 11195K [0x00000000c0000000, 0x00000000c2b00000, 0x00000000eab00000)
  object space 44032K, 25% used [0x00000000c0000000,0x00000000c0aeef90,0x00000000c2b00000)
 Metaspace       used 20752K, capacity 21196K, committed 21296K, reserved 1067008K
  class space    used 2759K, capacity 2940K, committed 2944K, reserved 1048576K
Event: 3.127 GC heap after
Heap after GC invocations=6 (full 0):
 PSYoungGen      total 72704K, used 5695K [0x00000000eab00000, 0x00000000efb00000, 0x0000000100000000)
  eden space 65024K, 0% used [0x00000000eab00000,0x00000000eab00000,0x00000000eea80000)
  from space 7680K, 74% used [0x00000000ef280000,0x00000000ef80fea8,0x00000000efa00000)
  to   space 8192K, 0% used [0x00000000eea80000,0x00000000eea80000,0x00000000ef280000)
 ParOldGen       total 44032K, used 11195K [0x00000000c0000000, 0x00000000c2b00000, 0x00000000eab00000)
  object space 44032K, 25% used [0x00000000c0000000,0x00000000c0aeef90,0x00000000c2b00000)
 Metaspace       used 20752K, capacity 21196K, committed 21296K, reserved 1067008K
  class space    used 2759K, capacity 2940K, committed 2944K, reserved 1048576K
}
Event: 3.127 GC heap before
{Heap before GC invocations=7 (full 1):
 PSYoungGen      total 72704K, used 5695K [0x00000000eab00000, 0x00000000efb00000, 0x0000000100000000)
  eden space 65024K, 0% used [0x00000000eab00000,0x00000000eab00000,0x00000000eea80000)
  from space 7680K, 74% used [0x00000000ef280000,0x00000000ef80fea8,0x00000000efa00000)
  to   space 8192K, 0% used [0x00000000eea80000,0x00000000eea80000,0x00000000ef280000)
 ParOldGen       total 44032K, used 11195K [0x00000000c0000000, 0x00000000c2b00000, 0x00000000eab00000)
  object space 44032K, 25% used [0x00000000c0000000,0x00000000c0aeef90,0x00000000c2b00000)
 Metaspace       used 20752K, capacity 21196K, committed 21296K, reserved 1067008K
  class space    used 2759K, capacity 2940K, committed 2944K, reserved 1048576K
Event: 3.183 GC heap after
Heap after GC invocations=7 (full 1):
 PSYoungGen      total 72704K, used 0K [0x00000000eab00000, 0x00000000efb00000, 0x0000000100000000)
  eden space 65024K, 0% used [0x00000000eab00000,0x00000000eab00000,0x00000000eea80000)
  from space 7680K, 0% used [0x00000000ef280000,0x00000000ef280000,0x00000000efa00000)
  to   space 8192K, 0% used [0x00000000eea80000,0x00000000eea80000,0x00000000ef280000)
 ParOldGen       total 39424K, used 8847K [0x00000000c0000000, 0x00000000c2680000, 0x00000000eab00000)
  object space 39424K, 22% used [0x00000000c0000000,0x00000000c08a3e90,0x00000000c2680000)
 Metaspace       used 20752K, capacity 21196K, committed 21296K, reserved 1067008K
  class space    used 2759K, capacity 2940K, committed 2944K, reserved 1048576K
}
Event: 4.810 GC heap before
{Heap before GC invocations=8 (full 1):
 PSYoungGen      total 72704K, used 65024K [0x00000000eab00000, 0x00000000efb00000, 0x0000000100000000)
  eden space 65024K, 100% used [0x00000000eab00000,0x00000000eea80000,0x00000000eea80000)
  from space 7680K, 0% used [0x00000000ef280000,0x00000000ef280000,0x00000000efa00000)
  to   space 8192K, 0% used [0x00000000eea80000,0x00000000eea80000,0x00000000ef280000)
 ParOldGen       total 39424K, used 8847K [0x00000000c0000000, 0x00000000c2680000, 0x00000000eab00000)
  object space 39424K, 22% used [0x00000000c0000000,0x00000000c08a3e90,0x00000000c2680000)
 Metaspace       used 25475K, capacity 26076K, committed 26240K, reserved 1071104K
  class space    used 3409K, capacity 3636K, committed 3712K, reserved 1048576K
Event: 4.821 GC heap after
Heap after GC invocations=8 (full 1):
 PSYoungGen      total 73216K, used 6773K [0x00000000eab00000, 0x00000000f1680000, 0x0000000100000000)
  eden space 65024K, 0% used [0x00000000eab00000,0x00000000eab00000,0x00000000eea80000)
  from space 8192K, 82% used [0x00000000eea80000,0x00000000ef11d778,0x00000000ef280000)
  to   space 8704K, 0% used [0x00000000f0e00000,0x00000000f0e00000,0x00000000f1680000)
 ParOldGen       total 39424K, used 8855K [0x00000000c0000000, 0x00000000c2680000, 0x00000000eab00000)
  object space 39424K, 22% used [0x00000000c0000000,0x00000000c08a5e90,0x00000000c2680000)
 Metaspace       used 25475K, capacity 26076K, committed 26240K, reserved 1071104K
  class space    used 3409K, capacity 3636K, committed 3712K, reserved 1048576K
}

