# JRE version: Java(TM) SE Runtime Environment (8.0_45-b15) (build 1.8.0_45-b15)
# Java VM: Java HotSpot(TM) 64-Bit Server VM (25.45-b02 mixed mode windows-amd64 compressed oops)
Heap:
 PSYoungGen      total 101888K, used 89182K [0x00000000eab00000, 0x00000000f2880000, 0x0000000100000000)
  eden space 94208K, 92% used [0x00000000eab00000,0x00000000f005eab0,0x00000000f0700000)
  from space 7680K, 22% used [0x00000000f0e80000,0x00000000f1039100,0x00000000f1600000)
  to   space 7680K, 0% used [0x00000000f0700000,0x00000000f0700000,0x00000000f0e80000)
 ParOldGen       total 40448K, used 10580K [0x00000000c0000000, 0x00000000c2780000, 0x00000000eab00000)
  object space 40448K, 26% used [0x00000000c0000000,0x00000000c0a55078,0x00000000c2780000)
 Metaspace       used 22472K, capacity 22976K, committed 23168K, reserved 1069056K
  class space    used 2938K, capacity 3119K, committed 3200K, reserved 1048576K
GC Heap History (10 events):
Event: 2.680 GC heap before
{Heap before GC invocations=5 (full 0):
 PSYoungGen      total 35328K, used 35304K [0x00000000eab00000, 0x00000000ed000000, 0x0000000100000000)
  eden space 32768K, 100% used [0x00000000eab00000,0x00000000ecb00000,0x00000000ecb00000)
  from space 2560K, 99% used [0x00000000ecd80000,0x00000000ecffa020,0x00000000ed000000)
  to   space 2560K, 0% used [0x00000000ecb00000,0x00000000ecb00000,0x00000000ecd80000)
 ParOldGen       total 44032K, used 6626K [0x00000000c0000000, 0x00000000c2b00000, 0x00000000eab00000)
  object space 44032K, 15% used [0x00000000c0000000,0x00000000c0678a68,0x00000000c2b00000)
 Metaspace       used 18696K, capacity 19138K, committed 19456K, reserved 1067008K
  class space    used 2565K, capacity 2699K, committed 2816K, reserved 1048576K
Event: 2.689 GC heap after
Heap after GC invocations=5 (full 0):
 PSYoungGen      total 35328K, used 2552K [0x00000000eab00000, 0x00000000efa00000, 0x0000000100000000)
  eden space 32768K, 0% used [0x00000000eab00000,0x00000000eab00000,0x00000000ecb00000)
  from space 2560K, 99% used [0x00000000ecb00000,0x00000000ecd7e050,0x00000000ecd80000)
  to   space 7680K, 0% used [0x00000000ef280000,0x00000000ef280000,0x00000000efa00000)
 ParOldGen       total 44032K, used 11263K [0x00000000c0000000, 0x00000000c2b00000, 0x00000000eab00000)
  object space 44032K, 25% used [0x00000000c0000000,0x00000000c0affe48,0x00000000c2b00000)
 Metaspace       used 18696K, capacity 19138K, committed 19456K, reserved 1067008K
  class space    used 2565K, capacity 2699K, committed 2816K, reserved 1048576K
}
Event: 3.116 GC heap before
{Heap before GC invocations=6 (full 0):
 PSYoungGen      total 35328K, used 18703K [0x00000000eab00000, 0x00000000efa00000, 0x0000000100000000)
  eden space 32768K, 49% used [0x00000000eab00000,0x00000000ebac5d08,0x00000000ecb00000)
  from space 2560K, 99% used [0x00000000ecb00000,0x00000000ecd7e050,0x00000000ecd80000)
  to   space 7680K, 0% used [0x00000000ef280000,0x00000000ef280000,0x00000000efa00000)
 ParOldGen       total 44032K, used 11263K [0x00000000c0000000, 0x00000000c2b00000, 0x00000000eab00000)
  object space 44032K, 25% used [0x00000000c0000000,0x00000000c0affe48,0x00000000c2b00000)
 Metaspace       used 20560K, capacity 21082K, committed 21248K, reserved 1067008K
  class space    used 2765K, capacity 2958K, committed 3072K, reserved 1048576K
Event: 3.124 GC heap after
Heap after GC invocations=6 (full 0):
 PSYoungGen      total 73216K, used 4619K [0x00000000eab00000, 0x00000000efa00000, 0x0000000100000000)
  eden space 65536K, 0% used [0x00000000eab00000,0x00000000eab00000,0x00000000eeb00000)
  from space 7680K, 60% used [0x00000000ef280000,0x00000000ef702c58,0x00000000efa00000)
  to   space 7680K, 0% used [0x00000000eeb00000,0x00000000eeb00000,0x00000000ef280000)
 ParOldGen       total 44032K, used 11263K [0x00000000c0000000, 0x00000000c2b00000, 0x00000000eab00000)
  object space 44032K, 25% used [0x00000000c0000000,0x00000000c0affe48,0x00000000c2b00000)
 Metaspace       used 20560K, capacity 21082K, committed 21248K, reserved 1067008K
  class space    used 2765K, capacity 2958K, committed 3072K, reserved 1048576K
}
Event: 3.124 GC heap before
{Heap before GC invocations=7 (full 1):
 PSYoungGen      total 73216K, used 4619K [0x00000000eab00000, 0x00000000efa00000, 0x0000000100000000)
  eden space 65536K, 0% used [0x00000000eab00000,0x00000000eab00000,0x00000000eeb00000)
  from space 7680K, 60% used [0x00000000ef280000,0x00000000ef702c58,0x00000000efa00000)
  to   space 7680K, 0% used [0x00000000eeb00000,0x00000000eeb00000,0x00000000ef280000)
 ParOldGen       total 44032K, used 11263K [0x00000000c0000000, 0x00000000c2b00000, 0x00000000eab00000)
  object space 44032K, 25% used [0x00000000c0000000,0x00000000c0affe48,0x00000000c2b00000)
 Metaspace       used 20560K, capacity 21082K, committed 21248K, reserved 1067008K
  class space    used 2765K, capacity 2958K, committed 3072K, reserved 1048576K
Event: 3.172 GC heap after
Heap after GC invocations=7 (full 1):
 PSYoungGen      total 73216K, used 0K [0x00000000eab00000, 0x00000000efa00000, 0x0000000100000000)
  eden space 65536K, 0% used [0x00000000eab00000,0x00000000eab00000,0x00000000eeb00000)
  from space 7680K, 0% used [0x00000000ef280000,0x00000000ef280000,0x00000000efa00000)
  to   space 7680K, 0% used [0x00000000eeb00000,0x00000000eeb00000,0x00000000ef280000)
 ParOldGen       total 40448K, used 10572K [0x00000000c0000000, 0x00000000c2780000, 0x00000000eab00000)
  object space 40448K, 26% used [0x00000000c0000000,0x00000000c0a53078,0x00000000c2780000)
 Metaspace       used 20560K, capacity 21082K, committed 21248K, reserved 1067008K
  class space    used 2765K, capacity 2958K, committed 3072K, reserved 1048576K
}
Event: 3.773 GC heap before
{Heap before GC invocations=8 (full 1):
 PSYoungGen      total 73216K, used 65536K [0x00000000eab00000, 0x00000000efa00000, 0x0000000100000000)
  eden space 65536K, 100% used [0x00000000eab00000,0x00000000eeb00000,0x00000000eeb00000)
  from space 7680K, 0% used [0x00000000ef280000,0x00000000ef280000,0x00000000efa00000)
  to   space 7680K, 0% used [0x00000000eeb00000,0x00000000eeb00000,0x00000000ef280000)
 ParOldGen       total 40448K, used 10572K [0x00000000c0000000, 0x00000000c2780000, 0x00000000eab00000)
  object space 40448K, 26% used [0x00000000c0000000,0x00000000c0a53078,0x00000000c2780000)
 Metaspace       used 22442K, capacity 22976K, committed 23168K, reserved 1069056K
  class space    used 2936K, capacity 3119K, committed 3200K, reserved 1048576K
Event: 3.777 GC heap after
Heap after GC invocations=8 (full 1):
 PSYoungGen      total 73216K, used 2405K [0x00000000eab00000, 0x00000000f1600000, 0x0000000100000000)
  eden space 65536K, 0% used [0x00000000eab00000,0x00000000eab00000,0x00000000eeb00000)
  from space 7680K, 31% used [0x00000000eeb00000,0x00000000eed59598,0x00000000ef280000)
  to   space 7680K, 0% used [0x00000000f0e80000,0x00000000f0e80000,0x00000000f1600000)
 ParOldGen       total 40448K, used 10580K [0x00000000c0000000, 0x00000000c2780000, 0x00000000eab00000)
  object space 40448K, 26% used [0x00000000c0000000,0x00000000c0a55078,0x00000000c2780000)
 Metaspace       used 22442K, capacity 22976K, committed 23168K, reserved 1069056K
  class space    used 2936K, capacity 3119K, committed 3200K, reserved 1048576K
}
Event: 4.056 GC heap before
{Heap before GC invocations=9 (full 1):
 PSYoungGen      total 73216K, used 67941K [0x00000000eab00000, 0x00000000f1600000, 0x0000000100000000)
  eden space 65536K, 100% used [0x00000000eab00000,0x00000000eeb00000,0x00000000eeb00000)
  from space 7680K, 31% used [0x00000000eeb00000,0x00000000eed59598,0x00000000ef280000)
  to   space 7680K, 0% used [0x00000000f0e80000,0x00000000f0e80000,0x00000000f1600000)
 ParOldGen       total 40448K, used 10580K [0x00000000c0000000, 0x00000000c2780000, 0x00000000eab00000)
  object space 40448K, 26% used [0x00000000c0000000,0x00000000c0a55078,0x00000000c2780000)
 Metaspace       used 22462K, capacity 22976K, committed 23168K, reserved 1069056K
  class space    used 2937K, capacity 3119K, committed 3200K, reserved 1048576K
Event: 4.094 GC heap after
Heap after GC invocations=9 (full 1):
 PSYoungGen      total 101888K, used 1764K [0x00000000eab00000, 0x00000000f2880000, 0x0000000100000000)
  eden space 94208K, 0% used [0x00000000eab00000,0x00000000eab00000,0x00000000f0700000)
  from space 7680K, 22% used [0x00000000f0e80000,0x00000000f1039100,0x00000000f1600000)
  to   space 7680K, 0% used [0x00000000f0700000,0x00000000f0700000,0x00000000f0e80000)
 ParOldGen       total 40448K, used 10580K [0x00000000c0000000, 0x00000000c2780000, 0x00000000eab00000)
  object space 40448K, 26% used [0x00000000c0000000,0x00000000c0a55078,0x00000000c2780000)
 Metaspace       used 22462K, capacity 22976K, committed 23168K, reserved 1069056K
  class space    used 2937K, capacity 3119K, committed 3200K, reserved 1048576K
}

