# JRE version: Java(TM) SE Runtime Environment (8.0_45-b15) (build 1.8.0_45-b15)
# Java VM: Java HotSpot(TM) 64-Bit Server VM (25.45-b02 mixed mode windows-amd64 compressed oops)
Heap:
 PSYoungGen      total 33792K, used 17427K [0x00000000eab00000, 0x00000000ecf00000, 0x0000000100000000)
  eden space 31232K, 55% used [0x00000000eab00000,0x00000000ebc04d78,0x00000000ec980000)
  from space 2560K, 0% used [0x00000000ecc80000,0x00000000ecc80000,0x00000000ecf00000)
  to   space 2560K, 0% used [0x00000000eca00000,0x00000000eca00000,0x00000000ecc80000)
 ParOldGen       total 50176K, used 15992K [0x00000000c0000000, 0x00000000c3100000, 0x00000000eab00000)
  object space 50176K, 31% used [0x00000000c0000000,0x00000000c0f9e218,0x00000000c3100000)
 Metaspace       used 6729K, capacity 7448K, committed 7680K, reserved 1058816K
  class space    used 636K, capacity 656K, committed 768K, reserved 1048576K
GC Heap History (10 events):
Event: 4.988 GC heap after
Heap after GC invocations=3 (full 1):
 PSYoungGen      total 18944K, used 0K [0x00000000eab00000, 0x00000000ec000000, 0x0000000100000000)
  eden space 16384K, 0% used [0x00000000eab00000,0x00000000eab00000,0x00000000ebb00000)
  from space 2560K, 0% used [0x00000000ebd80000,0x00000000ebd80000,0x00000000ec000000)
  to   space 2560K, 0% used [0x00000000ebb00000,0x00000000ebb00000,0x00000000ebd80000)
 ParOldGen       total 23040K, used 2953K [0x00000000c0000000, 0x00000000c1680000, 0x00000000eab00000)
  object space 23040K, 12% used [0x00000000c0000000,0x00000000c02e24c8,0x00000000c1680000)
 Metaspace       used 5482K, capacity 6704K, committed 6784K, reserved 1058816K
  class space    used 546K, capacity 616K, committed 640K, reserved 1048576K
}
Event: 5.261 GC heap before
{Heap before GC invocations=4 (full 1):
 PSYoungGen      total 18944K, used 16384K [0x00000000eab00000, 0x00000000ec000000, 0x0000000100000000)
  eden space 16384K, 100% used [0x00000000eab00000,0x00000000ebb00000,0x00000000ebb00000)
  from space 2560K, 0% used [0x00000000ebd80000,0x00000000ebd80000,0x00000000ec000000)
  to   space 2560K, 0% used [0x00000000ebb00000,0x00000000ebb00000,0x00000000ebd80000)
 ParOldGen       total 23040K, used 2953K [0x00000000c0000000, 0x00000000c1680000, 0x00000000eab00000)
  object space 23040K, 12% used [0x00000000c0000000,0x00000000c02e24c8,0x00000000c1680000)
 Metaspace       used 5574K, capacity 6832K, committed 7040K, reserved 1058816K
  class space    used 549K, capacity 616K, committed 640K, reserved 1048576K
Event: 5.272 GC heap after
Heap after GC invocations=4 (full 1):
 PSYoungGen      total 18944K, used 2528K [0x00000000eab00000, 0x00000000ecf00000, 0x0000000100000000)
  eden space 16384K, 0% used [0x00000000eab00000,0x00000000eab00000,0x00000000ebb00000)
  from space 2560K, 98% used [0x00000000ebb00000,0x00000000ebd78010,0x00000000ebd80000)
  to   space 2560K, 0% used [0x00000000ecc80000,0x00000000ecc80000,0x00000000ecf00000)
 ParOldGen       total 23040K, used 3021K [0x00000000c0000000, 0x00000000c1680000, 0x00000000eab00000)
  object space 23040K, 13% used [0x00000000c0000000,0x00000000c02f3648,0x00000000c1680000)
 Metaspace       used 5574K, capacity 6832K, committed 7040K, reserved 1058816K
  class space    used 549K, capacity 616K, committed 640K, reserved 1048576K
}
Event: 5.615 GC heap before
{Heap before GC invocations=5 (full 1):
 PSYoungGen      total 18944K, used 18912K [0x00000000eab00000, 0x00000000ecf00000, 0x0000000100000000)
  eden space 16384K, 100% used [0x00000000eab00000,0x00000000ebb00000,0x00000000ebb00000)
  from space 2560K, 98% used [0x00000000ebb00000,0x00000000ebd78010,0x00000000ebd80000)
  to   space 2560K, 0% used [0x00000000ecc80000,0x00000000ecc80000,0x00000000ecf00000)
 ParOldGen       total 23040K, used 3021K [0x00000000c0000000, 0x00000000c1680000, 0x00000000eab00000)
  object space 23040K, 13% used [0x00000000c0000000,0x00000000c02f3648,0x00000000c1680000)
 Metaspace       used 5782K, capacity 6960K, committed 7040K, reserved 1058816K
  class space    used 556K, capacity 616K, committed 640K, reserved 1048576K
Event: 5.625 GC heap after
Heap after GC invocations=5 (full 1):
 PSYoungGen      total 33792K, used 2528K [0x00000000eab00000, 0x00000000ecf00000, 0x0000000100000000)
  eden space 31232K, 0% used [0x00000000eab00000,0x00000000eab00000,0x00000000ec980000)
  from space 2560K, 98% used [0x00000000ecc80000,0x00000000ecef8010,0x00000000ecf00000)
  to   space 2560K, 0% used [0x00000000eca00000,0x00000000eca00000,0x00000000ecc80000)
 ParOldGen       total 23040K, used 5189K [0x00000000c0000000, 0x00000000c1680000, 0x00000000eab00000)
  object space 23040K, 22% used [0x00000000c0000000,0x00000000c0511630,0x00000000c1680000)
 Metaspace       used 5782K, capacity 6960K, committed 7040K, reserved 1058816K
  class space    used 556K, capacity 616K, committed 640K, reserved 1048576K
}
Event: 6.000 GC heap before
{Heap before GC invocations=6 (full 1):
 PSYoungGen      total 33792K, used 33760K [0x00000000eab00000, 0x00000000ecf00000, 0x0000000100000000)
  eden space 31232K, 100% used [0x00000000eab00000,0x00000000ec980000,0x00000000ec980000)
  from space 2560K, 98% used [0x00000000ecc80000,0x00000000ecef8010,0x00000000ecf00000)
  to   space 2560K, 0% used [0x00000000eca00000,0x00000000eca00000,0x00000000ecc80000)
 ParOldGen       total 23040K, used 5189K [0x00000000c0000000, 0x00000000c1680000, 0x00000000eab00000)
  object space 23040K, 22% used [0x00000000c0000000,0x00000000c0511630,0x00000000c1680000)
 Metaspace       used 5905K, capacity 7024K, committed 7296K, reserved 1058816K
  class space    used 559K, capacity 616K, committed 640K, reserved 1048576K
Event: 6.052 GC heap after
Heap after GC invocations=6 (full 1):
 PSYoungGen      total 33792K, used 2544K [0x00000000eab00000, 0x00000000ecf00000, 0x0000000100000000)
  eden space 31232K, 0% used [0x00000000eab00000,0x00000000eab00000,0x00000000ec980000)
  from space 2560K, 99% used [0x00000000eca00000,0x00000000ecc7c320,0x00000000ecc80000)
  to   space 2560K, 0% used [0x00000000ecc80000,0x00000000ecc80000,0x00000000ecf00000)
 ParOldGen       total 23040K, used 11600K [0x00000000c0000000, 0x00000000c1680000, 0x00000000eab00000)
  object space 23040K, 50% used [0x00000000c0000000,0x00000000c0b54080,0x00000000c1680000)
 Metaspace       used 5905K, capacity 7024K, committed 7296K, reserved 1058816K
  class space    used 559K, capacity 616K, committed 640K, reserved 1048576K
}
Event: 6.319 GC heap before
{Heap before GC invocations=7 (full 1):
 PSYoungGen      total 33792K, used 33776K [0x00000000eab00000, 0x00000000ecf00000, 0x0000000100000000)
  eden space 31232K, 100% used [0x00000000eab00000,0x00000000ec980000,0x00000000ec980000)
  from space 2560K, 99% used [0x00000000eca00000,0x00000000ecc7c320,0x00000000ecc80000)
  to   space 2560K, 0% used [0x00000000ecc80000,0x00000000ecc80000,0x00000000ecf00000)
 ParOldGen       total 23040K, used 11600K [0x00000000c0000000, 0x00000000c1680000, 0x00000000eab00000)
  object space 23040K, 50% used [0x00000000c0000000,0x00000000c0b54080,0x00000000c1680000)
 Metaspace       used 6017K, capacity 7024K, committed 7296K, reserved 1058816K
  class space    used 578K, capacity 616K, committed 640K, reserved 1048576K
Event: 6.441 GC heap after
Heap after GC invocations=7 (full 1):
 PSYoungGen      total 33792K, used 2544K [0x00000000eab00000, 0x00000000ecf00000, 0x0000000100000000)
  eden space 31232K, 0% used [0x00000000eab00000,0x00000000eab00000,0x00000000ec980000)
  from space 2560K, 99% used [0x00000000ecc80000,0x00000000ecefc320,0x00000000ecf00000)
  to   space 2560K, 0% used [0x00000000eca00000,0x00000000eca00000,0x00000000ecc80000)
 ParOldGen       total 23040K, used 17830K [0x00000000c0000000, 0x00000000c1680000, 0x00000000eab00000)
  object space 23040K, 77% used [0x00000000c0000000,0x00000000c1169ba0,0x00000000c1680000)
 Metaspace       used 6017K, capacity 7024K, committed 7296K, reserved 1058816K
  class space    used 578K, capacity 616K, committed 640K, reserved 1048576K
}
Event: 6.441 GC heap before
{Heap before GC invocations=8 (full 2):
 PSYoungGen      total 33792K, used 2544K [0x00000000eab00000, 0x00000000ecf00000, 0x0000000100000000)
  eden space 31232K, 0% used [0x00000000eab00000,0x00000000eab00000,0x00000000ec980000)
  from space 2560K, 99% used [0x00000000ecc80000,0x00000000ecefc320,0x00000000ecf00000)
  to   space 2560K, 0% used [0x00000000eca00000,0x00000000eca00000,0x00000000ecc80000)
 ParOldGen       total 23040K, used 17830K [0x00000000c0000000, 0x00000000c1680000, 0x00000000eab00000)
  object space 23040K, 77% used [0x00000000c0000000,0x00000000c1169ba0,0x00000000c1680000)
 Metaspace       used 6017K, capacity 7024K, committed 7296K, reserved 1058816K
  class space    used 578K, capacity 616K, committed 640K, reserved 1048576K

